<?xml version="1.0" encoding="UTF-8"?>
<!-- Generated by org.testng.reporters.JUnitReportReporter -->
<testsuite hostname="KEERTHANA" failures="0" tests="1" name="TestNG_Practice.ReadProperties" time="4.420" errors="0" timestamp="2022-03-03T12:28:40 IST" skipped="0">
  <testcase classname="TestNG_Practice.ReadProperties" name="propertiescheck" time="4.420"/>
  <system-out/>
</testsuite> <!-- TestNG_Practice.ReadProperties -->
