<?xml version="1.0" encoding="UTF-8"?>
<!-- Generated by org.testng.reporters.JUnitReportReporter -->
<testsuite hostname="KEERTHANA" failures="0" tests="2" name="TestNG_Practice.NewTest" time="0.017" errors="0" timestamp="2022-03-02T12:44:07 IST" skipped="0">
  <testcase classname="TestNG_Practice.NewTest" name="Testcase2" time="0.007"/>
  <system-out/>
  <testcase classname="TestNG_Practice.NewTest" name="Testcase1" time="0.010"/>
  <system-out/>
</testsuite> <!-- TestNG_Practice.NewTest -->
