<?xml version="1.0" encoding="UTF-8"?>
<!-- Generated by org.testng.reporters.JUnitReportReporter -->
<testsuite hostname="KEERTHANA" failures="0" tests="1" name="TestNG_Practice.ApachePOIDemo" time="14.635" errors="0" timestamp="2022-03-02T17:58:40 IST" skipped="0">
  <testcase classname="TestNG_Practice.ApachePOIDemo" name="Apachedemo" time="14.635"/>
  <system-out/>
</testsuite> <!-- TestNG_Practice.ApachePOIDemo -->
