<?xml version="1.0" encoding="UTF-8"?>
<!-- Generated by org.testng.reporters.JUnitReportReporter -->
<testsuite hostname="KEERTHANA" failures="0" tests="4" name="TestNG_Practice.Date_Provider_Check" time="65.406" errors="0" timestamp="2022-03-02T16:17:01 IST" skipped="0">
  <testcase classname="TestNG_Practice.Date_Provider_Check" name="checking" time="17.897"/>
  <system-out/>
  <testcase classname="TestNG_Practice.Date_Provider_Check" name="checking" time="15.793"/>
  <system-out/>
  <testcase classname="TestNG_Practice.Date_Provider_Check" name="checking" time="18.217"/>
  <system-out/>
  <testcase classname="TestNG_Practice.Date_Provider_Check" name="checking" time="13.499"/>
  <system-out/>
</testsuite> <!-- TestNG_Practice.Date_Provider_Check -->
