<?xml version="1.0" encoding="UTF-8"?>
<!-- Generated by org.testng.reporters.JUnitReportReporter -->
<testsuite hostname="KEERTHANA" failures="0" tests="1" name="POMPagesdemo.ParallelExecution2" time="18.203" errors="0" timestamp="2022-03-04T18:02:53 IST" skipped="0">
  <testcase classname="POMPagesdemo.ParallelExecution2" name="TC02" time="18.203"/>
  <system-out/>
</testsuite> <!-- POMPagesdemo.ParallelExecution2 -->
