<?xml version="1.0" encoding="UTF-8"?>
<!-- Generated by org.testng.reporters.JUnitReportReporter -->
<testsuite hostname="KEERTHANA" failures="0" tests="1" name="POMPagesdemo.Parallelexectuion1" time="27.449" errors="0" timestamp="2022-03-04T18:02:53 IST" skipped="0">
  <testcase classname="POMPagesdemo.Parallelexectuion1" name="TC01" time="27.449"/>
  <system-out/>
</testsuite> <!-- POMPagesdemo.Parallelexectuion1 -->
