<?xml version="1.0" encoding="UTF-8"?>
<!-- Generated by org.testng.reporters.JUnitReportReporter -->
<testsuite hostname="KEERTHANA" failures="0" tests="2" name="POMPagesdemo.RegisterTest" time="6.686" errors="0" timestamp="2022-03-03T16:48:26 IST" skipped="0">
  <testcase classname="POMPagesdemo.RegisterTest" name="Registeration" time="4.647"/>
  <system-out/>
  <testcase classname="POMPagesdemo.RegisterTest" name="Login" time="2.039"/>
  <system-out/>
</testsuite> <!-- POMPagesdemo.RegisterTest -->
