<?xml version="1.0" encoding="UTF-8"?>
<!-- Generated by org.testng.reporters.JUnitReportReporter -->
<testsuite hostname="KEERTHANA" failures="0" tests="1" name="TestNG_Practice.ExtendReportTest2" time="3.920" errors="0" timestamp="2022-03-03T18:33:03 IST" skipped="0">
  <testcase classname="TestNG_Practice.ExtendReportTest2" name="RegisterScene" time="3.920"/>
  <system-out/>
</testsuite> <!-- TestNG_Practice.ExtendReportTest2 -->
