<?xml version="1.0" encoding="UTF-8"?>
<!-- Generated by org.testng.reporters.JUnitReportReporter -->
<testsuite hostname="KEERTHANA" failures="0" tests="1" name="TestNG_Practice.ExtendReportTest" time="4.280" errors="0" timestamp="2022-03-03T18:21:12 IST" skipped="0">
  <testcase classname="TestNG_Practice.ExtendReportTest" name="LoginTC" time="4.280"/>
  <system-out/>
</testsuite> <!-- TestNG_Practice.ExtendReportTest -->
