<?xml version="1.0" encoding="UTF-8"?>
<!-- Generated by org.testng.reporters.JUnitReportReporter -->
<testsuite hostname="KEERTHANA" failures="0" tests="2" name="TestNG_Practice.TestNG_praciting" time="0.006" errors="0" timestamp="2022-03-02T14:31:54 IST" skipped="0">
  <testcase classname="TestNG_Practice.TestNG_praciting" name="Testcase2" time="0.004"/>
  <system-out/>
  <testcase classname="TestNG_Practice.TestNG_praciting" name="Testcase1" time="0.002"/>
  <system-out/>
</testsuite> <!-- TestNG_Practice.TestNG_praciting -->
