<?xml version="1.0" encoding="UTF-8"?>
<!-- Generated by org.testng.reporters.JUnitReportReporter -->
<testsuite hostname="KEERTHANA" failures="0" tests="2" name="TestNG_Practice.scenerio2" time="0.007" errors="0" timestamp="2022-03-04T17:55:43 IST" skipped="0">
  <testcase classname="TestNG_Practice.scenerio2" name="Testcase2" time="0.003"/>
  <system-out/>
  <testcase classname="TestNG_Practice.scenerio2" name="Testcase1" time="0.004"/>
  <system-out/>
</testsuite> <!-- TestNG_Practice.scenerio2 -->
