<?xml version="1.0" encoding="UTF-8"?>
<!-- Generated by org.testng.reporters.JUnitReportReporter -->
<testsuite hostname="KEERTHANA" failures="0" tests="1" name="TestNG_Practice.ReadCSVfiledemo" time="16.490" errors="0" timestamp="2022-03-03T10:36:20 IST" skipped="0">
  <testcase classname="TestNG_Practice.ReadCSVfiledemo" name="CSVReading" time="16.490"/>
  <system-out/>
</testsuite> <!-- TestNG_Practice.ReadCSVfiledemo -->
