<?xml version="1.0" encoding="UTF-8"?>
<!-- Generated by org.testng.reporters.JUnitReportReporter -->
<testsuite hostname="KEERTHANA" failures="0" tests="4" name="TestNG_Practice.dataProvider_demo" time="60.257" errors="0" timestamp="2022-03-02T16:11:12 IST" skipped="0">
  <testcase classname="TestNG_Practice.dataProvider_demo" name="f" time="15.294"/>
  <system-out/>
  <testcase classname="TestNG_Practice.dataProvider_demo" name="f" time="13.579"/>
  <system-out/>
  <testcase classname="TestNG_Practice.dataProvider_demo" name="f" time="14.901"/>
  <system-out/>
  <testcase classname="TestNG_Practice.dataProvider_demo" name="f" time="16.483"/>
  <system-out/>
</testsuite> <!-- TestNG_Practice.dataProvider_demo -->
